  [4;36;1mSQL (0.000256)[0m   [0;1m SELECT name
 FROM sqlite_master
 WHERE type = 'table' AND NOT name = 'sqlite_sequence'
[0m
  [4;35;1mSQL (0.000174)[0m   [0mselect sqlite_version(*)[0m
  [4;36;1mSQL (0.002996)[0m   [0;1mCREATE TABLE "schema_migrations" ("version" varchar(255) NOT NULL) [0m
  [4;35;1mSQL (0.002078)[0m   [0mCREATE UNIQUE INDEX "unique_schema_migrations" ON "schema_migrations" ("version")[0m
  [4;36;1mSQL (0.000502)[0m   [0;1m SELECT name
 FROM sqlite_master
 WHERE type = 'table' AND NOT name = 'sqlite_sequence'
[0m
  [4;35;1mSQL (0.000274)[0m   [0mSELECT version FROM schema_migrations[0m
  [4;36;1mSQL (0.000227)[0m   [0;1mSELECT version FROM schema_migrations[0m
  [4;35;1mSQL (0.000272)[0m   [0m SELECT name
 FROM sqlite_master
 WHERE type = 'table' AND NOT name = 'sqlite_sequence'
[0m
  [4;36;1mSQL (0.000225)[0m   [0;1m SELECT name
 FROM sqlite_master
 WHERE type = 'table' AND NOT name = 'sqlite_sequence'
[0m
  [4;35;1mSQL (0.000125)[0m   [0mselect sqlite_version(*)[0m
  [4;36;1mSQL (0.002574)[0m   [0;1mCREATE TABLE "schema_migrations" ("version" varchar(255) NOT NULL) [0m
  [4;35;1mSQL (0.002923)[0m   [0mCREATE UNIQUE INDEX "unique_schema_migrations" ON "schema_migrations" ("version")[0m
  [4;36;1mSQL (0.000597)[0m   [0;1m SELECT name
 FROM sqlite_master
 WHERE type = 'table' AND NOT name = 'sqlite_sequence'
[0m
  [4;35;1mSQL (0.000179)[0m   [0mSELECT version FROM "schema_migrations"[0m
  [4;36;1mSQL (0.002694)[0m   [0;1mINSERT INTO "schema_migrations" (version) VALUES ('0')[0m
  [4;36;1mSQL (0.000445)[0m   [0;1m SELECT name
 FROM sqlite_master
 WHERE type = 'table' AND NOT name = 'sqlite_sequence'
[0m
  [4;35;1mSQL (0.000138)[0m   [0mSELECT version FROM schema_migrations[0m
Migrating to CreateUsers (20080728155843)
  [4;36;1mSQL (0.000094)[0m   [0;1mSELECT version FROM schema_migrations[0m
  [4;35;1mSQL (0.000126)[0m   [0mselect sqlite_version(*)[0m
  [4;36;1mSQL (0.000169)[0m   [0;1m SELECT name
 FROM sqlite_master
 WHERE type = 'table' AND NOT name = 'sqlite_sequence'
[0m
  [4;35;1mSQL (0.003485)[0m   [0mCREATE TABLE "users" ("id" INTEGER PRIMARY KEY AUTOINCREMENT NOT NULL, "login" varchar(40) DEFAULT NULL NULL, "name" varchar(100) DEFAULT '' NULL, "email" varchar(100) DEFAULT NULL NULL, "crypted_password" varchar(40) DEFAULT NULL NULL, "salt" varchar(40) DEFAULT NULL NULL, "created_at" datetime DEFAULT NULL NULL, "updated_at" datetime DEFAULT NULL NULL, "remember_token" varchar(40) DEFAULT NULL NULL, "remember_token_expires_at" datetime DEFAULT NULL NULL) [0m
  [4;36;1mSQL (0.002453)[0m   [0;1mCREATE UNIQUE INDEX "index_users_on_login" ON "users" ("login")[0m
  [4;35;1mSQL (0.004627)[0m   [0mINSERT INTO schema_migrations (version) VALUES ('20080728155843')[0m
  [4;36;1mSQL (0.000378)[0m   [0;1mSELECT version FROM schema_migrations[0m
  [4;35;1mSQL (0.000354)[0m   [0m SELECT name
 FROM sqlite_master
 WHERE type = 'table' AND NOT name = 'sqlite_sequence'
[0m
  [4;36;1mSQL (0.000239)[0m   [0;1mPRAGMA index_list("users")[0m
  [4;35;1mSQL (0.000206)[0m   [0mPRAGMA index_info('index_users_on_login')[0m


Processing UsersController#new (for 127.0.0.1 at 2008-07-28 12:02:19) [GET]
  Session ID: 658bb775e509bd98e06c6c3f1fc3a509
  Parameters: {"action"=>"new", "controller"=>"users"}


NameError (uninitialized constant UsersController::SignupPresenter):
    /Library/Ruby/Gems/1.8/gems/activesupport-2.1.0/lib/active_support/dependencies.rb:492:in `const_missing'
    /app/controllers/users_controller.rb:8:in `new'
    /Library/Ruby/Gems/1.8/gems/actionpack-2.1.0/lib/action_controller/base.rb:1162:in `send'
    /Library/Ruby/Gems/1.8/gems/actionpack-2.1.0/lib/action_controller/base.rb:1162:in `perform_action_without_filters'
    /Library/Ruby/Gems/1.8/gems/actionpack-2.1.0/lib/action_controller/filters.rb:580:in `call_filters'
    /Library/Ruby/Gems/1.8/gems/actionpack-2.1.0/lib/action_controller/filters.rb:573:in `perform_action_without_benchmark'
    /Library/Ruby/Gems/1.8/gems/actionpack-2.1.0/lib/action_controller/benchmarking.rb:68:in `perform_action_without_rescue'
    /System/Library/Frameworks/Ruby.framework/Versions/1.8/usr/lib/ruby/1.8/benchmark.rb:293:in `measure'
    /Library/Ruby/Gems/1.8/gems/actionpack-2.1.0/lib/action_controller/benchmarking.rb:68:in `perform_action_without_rescue'
    /Library/Ruby/Gems/1.8/gems/actionpack-2.1.0/lib/action_controller/rescue.rb:201:in `perform_action_without_caching'
    /Library/Ruby/Gems/1.8/gems/actionpack-2.1.0/lib/action_controller/caching/sql_cache.rb:13:in `perform_action'
    /Library/Ruby/Gems/1.8/gems/activerecord-2.1.0/lib/active_record/connection_adapters/abstract/query_cache.rb:33:in `cache'
    /Library/Ruby/Gems/1.8/gems/activerecord-2.1.0/lib/active_record/query_cache.rb:8:in `cache'
    /Library/Ruby/Gems/1.8/gems/actionpack-2.1.0/lib/action_controller/caching/sql_cache.rb:12:in `perform_action'
    /Library/Ruby/Gems/1.8/gems/actionpack-2.1.0/lib/action_controller/base.rb:529:in `send'
    /Library/Ruby/Gems/1.8/gems/actionpack-2.1.0/lib/action_controller/base.rb:529:in `process_without_filters'
    /Library/Ruby/Gems/1.8/gems/actionpack-2.1.0/lib/action_controller/filters.rb:569:in `process_without_session_management_support'
    /Library/Ruby/Gems/1.8/gems/actionpack-2.1.0/lib/action_controller/session_management.rb:130:in `process'
    /Library/Ruby/Gems/1.8/gems/actionpack-2.1.0/lib/action_controller/base.rb:389:in `process'
    /Library/Ruby/Gems/1.8/gems/actionpack-2.1.0/lib/action_controller/dispatcher.rb:149:in `handle_request'
    /Library/Ruby/Gems/1.8/gems/actionpack-2.1.0/lib/action_controller/dispatcher.rb:107:in `dispatch'
    /Library/Ruby/Gems/1.8/gems/actionpack-2.1.0/lib/action_controller/dispatcher.rb:104:in `synchronize'
    /Library/Ruby/Gems/1.8/gems/actionpack-2.1.0/lib/action_controller/dispatcher.rb:104:in `dispatch'
    /Library/Ruby/Gems/1.8/gems/actionpack-2.1.0/lib/action_controller/dispatcher.rb:120:in `dispatch_cgi'
    /Library/Ruby/Gems/1.8/gems/actionpack-2.1.0/lib/action_controller/dispatcher.rb:35:in `dispatch'
    /Library/Ruby/Gems/1.8/gems/thin-0.8.1/lib/rack/adapter/rails.rb:54:in `serve_rails'
    /Library/Ruby/Gems/1.8/gems/thin-0.8.1/lib/rack/adapter/rails.rb:74:in `call'
    /Library/Ruby/Gems/1.8/gems/thin-0.8.1/lib/thin/connection.rb:59:in `pre_process'
    /Library/Ruby/Gems/1.8/gems/thin-0.8.1/lib/thin/connection.rb:50:in `process'
    /Library/Ruby/Gems/1.8/gems/thin-0.8.1/lib/thin/connection.rb:35:in `receive_data'
    /Library/Ruby/Gems/1.8/gems/eventmachine-0.12.0/lib/eventmachine.rb:224:in `run_machine'
    /Library/Ruby/Gems/1.8/gems/eventmachine-0.12.0/lib/eventmachine.rb:224:in `run'
    /Library/Ruby/Gems/1.8/gems/thin-0.8.1/lib/thin/backends/base.rb:45:in `start'
    /Library/Ruby/Gems/1.8/gems/thin-0.8.1/lib/thin/server.rb:146:in `start'
    /Library/Ruby/Gems/1.8/gems/thin-0.8.1/lib/thin/controllers/controller.rb:79:in `start'
    /Library/Ruby/Gems/1.8/gems/thin-0.8.1/lib/thin/runner.rb:166:in `send'
    /Library/Ruby/Gems/1.8/gems/thin-0.8.1/lib/thin/runner.rb:166:in `run_command'
    /Library/Ruby/Gems/1.8/gems/thin-0.8.1/lib/thin/runner.rb:136:in `run!'
    /Library/Ruby/Gems/1.8/gems/thin-0.8.1/bin/thin:6
    /usr/bin/thin:19:in `load'
    /usr/bin/thin:19

Rendering /Library/Ruby/Gems/1.8/gems/actionpack-2.1.0/lib/action_controller/templates/rescues/layout.erb (internal_server_error)


Processing UsersController#new (for 127.0.0.1 at 2008-07-28 12:03:53) [GET]
  Session ID: BAh7BiIKZmxhc2hJQzonQWN0aW9uQ29udHJvbGxlcjo6Rmxhc2g6OkZsYXNo
SGFzaHsABjoKQHVzZWR7AA==--264f1f118d653da9fc070291cc13ad1357f3d11e
  Parameters: {"action"=>"new", "controller"=>"users"}


NameError (uninitialized constant ActivePresenter):
    /Library/Ruby/Gems/1.8/gems/activesupport-2.1.0/lib/active_support/dependencies.rb:278:in `load_missing_constant'
    /Library/Ruby/Gems/1.8/gems/activesupport-2.1.0/lib/active_support/dependencies.rb:467:in `const_missing'
    /Library/Ruby/Gems/1.8/gems/activesupport-2.1.0/lib/active_support/dependencies.rb:479:in `const_missing'
    /app/presenters/signup_presenter.rb:1
    /Library/Ruby/Gems/1.8/gems/activesupport-2.1.0/lib/active_support/dependencies.rb:215:in `load_without_new_constant_marking'
    /Library/Ruby/Gems/1.8/gems/activesupport-2.1.0/lib/active_support/dependencies.rb:215:in `load_file'
    /Library/Ruby/Gems/1.8/gems/activesupport-2.1.0/lib/active_support/dependencies.rb:354:in `new_constants_in'
    /Library/Ruby/Gems/1.8/gems/activesupport-2.1.0/lib/active_support/dependencies.rb:214:in `load_file'
    /Library/Ruby/Gems/1.8/gems/activesupport-2.1.0/lib/active_support/dependencies.rb:95:in `require_or_load'
    /Library/Ruby/Gems/1.8/gems/activesupport-2.1.0/lib/active_support/dependencies.rb:260:in `load_missing_constant'
    /Library/Ruby/Gems/1.8/gems/activesupport-2.1.0/lib/active_support/dependencies.rb:467:in `const_missing'
    /Library/Ruby/Gems/1.8/gems/activesupport-2.1.0/lib/active_support/dependencies.rb:479:in `const_missing'
    /Library/Ruby/Gems/1.8/gems/activesupport-2.1.0/lib/active_support/dependencies.rb:485:in `send'
    /Library/Ruby/Gems/1.8/gems/activesupport-2.1.0/lib/active_support/dependencies.rb:485:in `const_missing'
    /app/controllers/users_controller.rb:8:in `new'
    /Library/Ruby/Gems/1.8/gems/actionpack-2.1.0/lib/action_controller/base.rb:1162:in `send'
    /Library/Ruby/Gems/1.8/gems/actionpack-2.1.0/lib/action_controller/base.rb:1162:in `perform_action_without_filters'
    /Library/Ruby/Gems/1.8/gems/actionpack-2.1.0/lib/action_controller/filters.rb:580:in `call_filters'
    /Library/Ruby/Gems/1.8/gems/actionpack-2.1.0/lib/action_controller/filters.rb:573:in `perform_action_without_benchmark'
    /Library/Ruby/Gems/1.8/gems/actionpack-2.1.0/lib/action_controller/benchmarking.rb:68:in `perform_action_without_rescue'
    /System/Library/Frameworks/Ruby.framework/Versions/1.8/usr/lib/ruby/1.8/benchmark.rb:293:in `measure'
    /Library/Ruby/Gems/1.8/gems/actionpack-2.1.0/lib/action_controller/benchmarking.rb:68:in `perform_action_without_rescue'
    /Library/Ruby/Gems/1.8/gems/actionpack-2.1.0/lib/action_controller/rescue.rb:201:in `perform_action_without_caching'
    /Library/Ruby/Gems/1.8/gems/actionpack-2.1.0/lib/action_controller/caching/sql_cache.rb:13:in `perform_action'
    /Library/Ruby/Gems/1.8/gems/activerecord-2.1.0/lib/active_record/connection_adapters/abstract/query_cache.rb:33:in `cache'
    /Library/Ruby/Gems/1.8/gems/activerecord-2.1.0/lib/active_record/query_cache.rb:8:in `cache'
    /Library/Ruby/Gems/1.8/gems/actionpack-2.1.0/lib/action_controller/caching/sql_cache.rb:12:in `perform_action'
    /Library/Ruby/Gems/1.8/gems/actionpack-2.1.0/lib/action_controller/base.rb:529:in `send'
    /Library/Ruby/Gems/1.8/gems/actionpack-2.1.0/lib/action_controller/base.rb:529:in `process_without_filters'
    /Library/Ruby/Gems/1.8/gems/actionpack-2.1.0/lib/action_controller/filters.rb:569:in `process_without_session_management_support'
    /Library/Ruby/Gems/1.8/gems/actionpack-2.1.0/lib/action_controller/session_management.rb:130:in `process'
    /Library/Ruby/Gems/1.8/gems/actionpack-2.1.0/lib/action_controller/base.rb:389:in `process'
    /Library/Ruby/Gems/1.8/gems/actionpack-2.1.0/lib/action_controller/dispatcher.rb:149:in `handle_request'
    /Library/Ruby/Gems/1.8/gems/actionpack-2.1.0/lib/action_controller/dispatcher.rb:107:in `dispatch'
    /Library/Ruby/Gems/1.8/gems/actionpack-2.1.0/lib/action_controller/dispatcher.rb:104:in `synchronize'
    /Library/Ruby/Gems/1.8/gems/actionpack-2.1.0/lib/action_controller/dispatcher.rb:104:in `dispatch'
    /Library/Ruby/Gems/1.8/gems/actionpack-2.1.0/lib/action_controller/dispatcher.rb:120:in `dispatch_cgi'
    /Library/Ruby/Gems/1.8/gems/actionpack-2.1.0/lib/action_controller/dispatcher.rb:35:in `dispatch'
    /Library/Ruby/Gems/1.8/gems/thin-0.8.1/lib/rack/adapter/rails.rb:54:in `serve_rails'
    /Library/Ruby/Gems/1.8/gems/thin-0.8.1/lib/rack/adapter/rails.rb:74:in `call'
    /Library/Ruby/Gems/1.8/gems/thin-0.8.1/lib/thin/connection.rb:59:in `pre_process'
    /Library/Ruby/Gems/1.8/gems/thin-0.8.1/lib/thin/connection.rb:50:in `process'
    /Library/Ruby/Gems/1.8/gems/thin-0.8.1/lib/thin/connection.rb:35:in `receive_data'
    /Library/Ruby/Gems/1.8/gems/eventmachine-0.12.0/lib/eventmachine.rb:224:in `run_machine'
    /Library/Ruby/Gems/1.8/gems/eventmachine-0.12.0/lib/eventmachine.rb:224:in `run'
    /Library/Ruby/Gems/1.8/gems/thin-0.8.1/lib/thin/backends/base.rb:45:in `start'
    /Library/Ruby/Gems/1.8/gems/thin-0.8.1/lib/thin/server.rb:146:in `start'
    /Library/Ruby/Gems/1.8/gems/thin-0.8.1/lib/thin/controllers/controller.rb:79:in `start'
    /Library/Ruby/Gems/1.8/gems/thin-0.8.1/lib/thin/runner.rb:166:in `send'
    /Library/Ruby/Gems/1.8/gems/thin-0.8.1/lib/thin/runner.rb:166:in `run_command'
    /Library/Ruby/Gems/1.8/gems/thin-0.8.1/lib/thin/runner.rb:136:in `run!'
    /Library/Ruby/Gems/1.8/gems/thin-0.8.1/bin/thin:6
    /usr/bin/thin:19:in `load'
    /usr/bin/thin:19

Rendering /Library/Ruby/Gems/1.8/gems/actionpack-2.1.0/lib/action_controller/templates/rescues/layout.erb (internal_server_error)


Processing UsersController#new (for 127.0.0.1 at 2008-07-28 12:08:07) [GET]
  Session ID: BAh7BiIKZmxhc2hJQzonQWN0aW9uQ29udHJvbGxlcjo6Rmxhc2g6OkZsYXNo
SGFzaHsABjoKQHVzZWR7AA==--264f1f118d653da9fc070291cc13ad1357f3d11e
  Parameters: {"action"=>"new", "controller"=>"users"}
  [4;36;1mSQL (0.000576)[0m   [0;1m SELECT name
 FROM sqlite_master
 WHERE type = 'table' AND NOT name = 'sqlite_sequence'
[0m


TypeError (User(id: integer, login: string, name: string, email: string, crypted_password: string, salt: string, created_at: datetime, updated_at: datetime, remember_token: string, remember_token_expires_at: datetime) is not a symbol):
    /Library/Ruby/Gems/1.8/gems/active_presenter-0.0.1/lib/active_presenter/base.rb:17:in `attr_accessor'
    /Library/Ruby/Gems/1.8/gems/active_presenter-0.0.1/lib/active_presenter/base.rb:17:in `presents'
    /app/presenters/signup_presenter.rb:2
    /Library/Ruby/Gems/1.8/gems/activesupport-2.1.0/lib/active_support/dependencies.rb:215:in `load_without_new_constant_marking'
    /Library/Ruby/Gems/1.8/gems/activesupport-2.1.0/lib/active_support/dependencies.rb:215:in `load_file'
    /Library/Ruby/Gems/1.8/gems/activesupport-2.1.0/lib/active_support/dependencies.rb:354:in `new_constants_in'
    /Library/Ruby/Gems/1.8/gems/activesupport-2.1.0/lib/active_support/dependencies.rb:214:in `load_file'
    /Library/Ruby/Gems/1.8/gems/activesupport-2.1.0/lib/active_support/dependencies.rb:95:in `require_or_load'
    /Library/Ruby/Gems/1.8/gems/activesupport-2.1.0/lib/active_support/dependencies.rb:260:in `load_missing_constant'
    /Library/Ruby/Gems/1.8/gems/activesupport-2.1.0/lib/active_support/dependencies.rb:467:in `const_missing'
    /Library/Ruby/Gems/1.8/gems/activesupport-2.1.0/lib/active_support/dependencies.rb:479:in `const_missing'
    /Library/Ruby/Gems/1.8/gems/activesupport-2.1.0/lib/active_support/dependencies.rb:272:in `load_missing_constant'
    /Library/Ruby/Gems/1.8/gems/activesupport-2.1.0/lib/active_support/dependencies.rb:483:in `const_missing'
    /app/controllers/users_controller.rb:8:in `new'
    /Library/Ruby/Gems/1.8/gems/actionpack-2.1.0/lib/action_controller/base.rb:1162:in `send'
    /Library/Ruby/Gems/1.8/gems/actionpack-2.1.0/lib/action_controller/base.rb:1162:in `perform_action_without_filters'
    /Library/Ruby/Gems/1.8/gems/actionpack-2.1.0/lib/action_controller/filters.rb:580:in `call_filters'
    /Library/Ruby/Gems/1.8/gems/actionpack-2.1.0/lib/action_controller/filters.rb:573:in `perform_action_without_benchmark'
    /Library/Ruby/Gems/1.8/gems/actionpack-2.1.0/lib/action_controller/benchmarking.rb:68:in `perform_action_without_rescue'
    /System/Library/Frameworks/Ruby.framework/Versions/1.8/usr/lib/ruby/1.8/benchmark.rb:293:in `measure'
    /Library/Ruby/Gems/1.8/gems/actionpack-2.1.0/lib/action_controller/benchmarking.rb:68:in `perform_action_without_rescue'
    /Library/Ruby/Gems/1.8/gems/actionpack-2.1.0/lib/action_controller/rescue.rb:201:in `perform_action_without_caching'
    /Library/Ruby/Gems/1.8/gems/actionpack-2.1.0/lib/action_controller/caching/sql_cache.rb:13:in `perform_action'
    /Library/Ruby/Gems/1.8/gems/activerecord-2.1.0/lib/active_record/connection_adapters/abstract/query_cache.rb:33:in `cache'
    /Library/Ruby/Gems/1.8/gems/activerecord-2.1.0/lib/active_record/query_cache.rb:8:in `cache'
    /Library/Ruby/Gems/1.8/gems/actionpack-2.1.0/lib/action_controller/caching/sql_cache.rb:12:in `perform_action'
    /Library/Ruby/Gems/1.8/gems/actionpack-2.1.0/lib/action_controller/base.rb:529:in `send'
    /Library/Ruby/Gems/1.8/gems/actionpack-2.1.0/lib/action_controller/base.rb:529:in `process_without_filters'
    /Library/Ruby/Gems/1.8/gems/actionpack-2.1.0/lib/action_controller/filters.rb:569:in `process_without_session_management_support'
    /Library/Ruby/Gems/1.8/gems/actionpack-2.1.0/lib/action_controller/session_management.rb:130:in `process'
    /Library/Ruby/Gems/1.8/gems/actionpack-2.1.0/lib/action_controller/base.rb:389:in `process'
    /Library/Ruby/Gems/1.8/gems/actionpack-2.1.0/lib/action_controller/dispatcher.rb:149:in `handle_request'
    /Library/Ruby/Gems/1.8/gems/actionpack-2.1.0/lib/action_controller/dispatcher.rb:107:in `dispatch'
    /Library/Ruby/Gems/1.8/gems/actionpack-2.1.0/lib/action_controller/dispatcher.rb:104:in `synchronize'
    /Library/Ruby/Gems/1.8/gems/actionpack-2.1.0/lib/action_controller/dispatcher.rb:104:in `dispatch'
    /Library/Ruby/Gems/1.8/gems/actionpack-2.1.0/lib/action_controller/dispatcher.rb:120:in `dispatch_cgi'
    /Library/Ruby/Gems/1.8/gems/actionpack-2.1.0/lib/action_controller/dispatcher.rb:35:in `dispatch'
    /Library/Ruby/Gems/1.8/gems/thin-0.8.1/lib/rack/adapter/rails.rb:54:in `serve_rails'
    /Library/Ruby/Gems/1.8/gems/thin-0.8.1/lib/rack/adapter/rails.rb:74:in `call'
    /Library/Ruby/Gems/1.8/gems/thin-0.8.1/lib/thin/connection.rb:59:in `pre_process'
    /Library/Ruby/Gems/1.8/gems/thin-0.8.1/lib/thin/connection.rb:50:in `process'
    /Library/Ruby/Gems/1.8/gems/thin-0.8.1/lib/thin/connection.rb:35:in `receive_data'
    /Library/Ruby/Gems/1.8/gems/eventmachine-0.12.0/lib/eventmachine.rb:224:in `run_machine'
    /Library/Ruby/Gems/1.8/gems/eventmachine-0.12.0/lib/eventmachine.rb:224:in `run'
    /Library/Ruby/Gems/1.8/gems/thin-0.8.1/lib/thin/backends/base.rb:45:in `start'
    /Library/Ruby/Gems/1.8/gems/thin-0.8.1/lib/thin/server.rb:146:in `start'
    /Library/Ruby/Gems/1.8/gems/thin-0.8.1/lib/thin/controllers/controller.rb:79:in `start'
    /Library/Ruby/Gems/1.8/gems/thin-0.8.1/lib/thin/runner.rb:166:in `send'
    /Library/Ruby/Gems/1.8/gems/thin-0.8.1/lib/thin/runner.rb:166:in `run_command'
    /Library/Ruby/Gems/1.8/gems/thin-0.8.1/lib/thin/runner.rb:136:in `run!'
    /Library/Ruby/Gems/1.8/gems/thin-0.8.1/bin/thin:6
    /usr/bin/thin:19:in `load'
    /usr/bin/thin:19

Rendering /Library/Ruby/Gems/1.8/gems/actionpack-2.1.0/lib/action_controller/templates/rescues/layout.erb (internal_server_error)


Processing UsersController#new (for 127.0.0.1 at 2008-07-28 12:08:29) [GET]
  Session ID: BAh7BiIKZmxhc2hJQzonQWN0aW9uQ29udHJvbGxlcjo6Rmxhc2g6OkZsYXNo
SGFzaHsABjoKQHVzZWR7AA==--264f1f118d653da9fc070291cc13ad1357f3d11e
  Parameters: {"action"=>"new", "controller"=>"users"}
Rendering users/new


ActionView::TemplateError (You have a nil object when you didn't expect it!
The error occurred while evaluating nil.password_confirmation=) on line #2 of users/new.html.erb:
1: <h1>Sign up as a new user</h1>
2: <% @user.password = @user.password_confirmation = nil %>
3: 
4: <%= error_messages_for :user %>
5: <% form_for :signup_presenter, :url => users_path do |f| -%>

    app/views/users/new.html.erb:2:in `_run_erb_47app47views47users47new46html46erb'
    /Library/Ruby/Gems/1.8/gems/actionpack-2.1.0/lib/action_view/base.rb:338:in `send'
    /Library/Ruby/Gems/1.8/gems/actionpack-2.1.0/lib/action_view/base.rb:338:in `execute'
    /Library/Ruby/Gems/1.8/gems/actionpack-2.1.0/lib/action_view/template_handlers/compilable.rb:29:in `send'
    /Library/Ruby/Gems/1.8/gems/actionpack-2.1.0/lib/action_view/template_handlers/compilable.rb:29:in `render'
    /Library/Ruby/Gems/1.8/gems/actionpack-2.1.0/lib/action_view/template.rb:35:in `render'
    /Library/Ruby/Gems/1.8/gems/actionpack-2.1.0/lib/action_view/template.rb:22:in `render_template'
    /Library/Ruby/Gems/1.8/gems/actionpack-2.1.0/lib/action_view/base.rb:245:in `render_file'
    /Library/Ruby/Gems/1.8/gems/actionpack-2.1.0/lib/action_controller/base.rb:1108:in `render_for_file'
    /Library/Ruby/Gems/1.8/gems/actionpack-2.1.0/lib/action_controller/base.rb:841:in `render_with_no_layout'
    /Library/Ruby/Gems/1.8/gems/actionpack-2.1.0/lib/action_controller/layout.rb:259:in `render_without_benchmark'
    /Library/Ruby/Gems/1.8/gems/actionpack-2.1.0/lib/action_controller/benchmarking.rb:51:in `render'
    /Library/Ruby/Gems/1.8/gems/activesupport-2.1.0/lib/active_support/core_ext/benchmark.rb:8:in `realtime'
    /Library/Ruby/Gems/1.8/gems/actionpack-2.1.0/lib/action_controller/benchmarking.rb:51:in `render'
    /Library/Ruby/Gems/1.8/gems/actionpack-2.1.0/lib/action_controller/base.rb:1157:in `default_render'
    /Library/Ruby/Gems/1.8/gems/actionpack-2.1.0/lib/action_controller/base.rb:1163:in `perform_action_without_filters'
    /Library/Ruby/Gems/1.8/gems/actionpack-2.1.0/lib/action_controller/filters.rb:580:in `call_filters'
    /Library/Ruby/Gems/1.8/gems/actionpack-2.1.0/lib/action_controller/filters.rb:573:in `perform_action_without_benchmark'
    /Library/Ruby/Gems/1.8/gems/actionpack-2.1.0/lib/action_controller/benchmarking.rb:68:in `perform_action_without_rescue'
    /System/Library/Frameworks/Ruby.framework/Versions/1.8/usr/lib/ruby/1.8/benchmark.rb:293:in `measure'
    /Library/Ruby/Gems/1.8/gems/actionpack-2.1.0/lib/action_controller/benchmarking.rb:68:in `perform_action_without_rescue'
    /Library/Ruby/Gems/1.8/gems/actionpack-2.1.0/lib/action_controller/rescue.rb:201:in `perform_action_without_caching'
    /Library/Ruby/Gems/1.8/gems/actionpack-2.1.0/lib/action_controller/caching/sql_cache.rb:13:in `perform_action'
    /Library/Ruby/Gems/1.8/gems/activerecord-2.1.0/lib/active_record/connection_adapters/abstract/query_cache.rb:33:in `cache'
    /Library/Ruby/Gems/1.8/gems/activerecord-2.1.0/lib/active_record/query_cache.rb:8:in `cache'
    /Library/Ruby/Gems/1.8/gems/actionpack-2.1.0/lib/action_controller/caching/sql_cache.rb:12:in `perform_action'
    /Library/Ruby/Gems/1.8/gems/actionpack-2.1.0/lib/action_controller/base.rb:529:in `send'
    /Library/Ruby/Gems/1.8/gems/actionpack-2.1.0/lib/action_controller/base.rb:529:in `process_without_filters'
    /Library/Ruby/Gems/1.8/gems/actionpack-2.1.0/lib/action_controller/filters.rb:569:in `process_without_session_management_support'
    /Library/Ruby/Gems/1.8/gems/actionpack-2.1.0/lib/action_controller/session_management.rb:130:in `process'
    /Library/Ruby/Gems/1.8/gems/actionpack-2.1.0/lib/action_controller/base.rb:389:in `process'
    /Library/Ruby/Gems/1.8/gems/actionpack-2.1.0/lib/action_controller/dispatcher.rb:149:in `handle_request'
    /Library/Ruby/Gems/1.8/gems/actionpack-2.1.0/lib/action_controller/dispatcher.rb:107:in `dispatch'
    /Library/Ruby/Gems/1.8/gems/actionpack-2.1.0/lib/action_controller/dispatcher.rb:104:in `synchronize'
    /Library/Ruby/Gems/1.8/gems/actionpack-2.1.0/lib/action_controller/dispatcher.rb:104:in `dispatch'
    /Library/Ruby/Gems/1.8/gems/actionpack-2.1.0/lib/action_controller/dispatcher.rb:120:in `dispatch_cgi'
    /Library/Ruby/Gems/1.8/gems/actionpack-2.1.0/lib/action_controller/dispatcher.rb:35:in `dispatch'
    /Library/Ruby/Gems/1.8/gems/thin-0.8.1/lib/rack/adapter/rails.rb:54:in `serve_rails'
    /Library/Ruby/Gems/1.8/gems/thin-0.8.1/lib/rack/adapter/rails.rb:74:in `call'
    /Library/Ruby/Gems/1.8/gems/thin-0.8.1/lib/thin/connection.rb:59:in `pre_process'
    /Library/Ruby/Gems/1.8/gems/thin-0.8.1/lib/thin/connection.rb:50:in `process'
    /Library/Ruby/Gems/1.8/gems/thin-0.8.1/lib/thin/connection.rb:35:in `receive_data'
    /Library/Ruby/Gems/1.8/gems/eventmachine-0.12.0/lib/eventmachine.rb:224:in `run_machine'
    /Library/Ruby/Gems/1.8/gems/eventmachine-0.12.0/lib/eventmachine.rb:224:in `run'
    /Library/Ruby/Gems/1.8/gems/thin-0.8.1/lib/thin/backends/base.rb:45:in `start'
    /Library/Ruby/Gems/1.8/gems/thin-0.8.1/lib/thin/server.rb:146:in `start'
    /Library/Ruby/Gems/1.8/gems/thin-0.8.1/lib/thin/controllers/controller.rb:79:in `start'
    /Library/Ruby/Gems/1.8/gems/thin-0.8.1/lib/thin/runner.rb:166:in `send'
    /Library/Ruby/Gems/1.8/gems/thin-0.8.1/lib/thin/runner.rb:166:in `run_command'
    /Library/Ruby/Gems/1.8/gems/thin-0.8.1/lib/thin/runner.rb:136:in `run!'
    /Library/Ruby/Gems/1.8/gems/thin-0.8.1/bin/thin:6
    /usr/bin/thin:19:in `load'
    /usr/bin/thin:19

Rendering /Library/Ruby/Gems/1.8/gems/actionpack-2.1.0/lib/action_controller/templates/rescues/layout.erb (internal_server_error)


Processing UsersController#new (for 127.0.0.1 at 2008-07-28 12:09:37) [GET]
  Session ID: BAh7BiIKZmxhc2hJQzonQWN0aW9uQ29udHJvbGxlcjo6Rmxhc2g6OkZsYXNo
SGFzaHsABjoKQHVzZWR7AA==--264f1f118d653da9fc070291cc13ad1357f3d11e
  Parameters: {"action"=>"new", "controller"=>"users"}
Rendering users/new


ActionView::TemplateError (undefined method `password_confirmation=' for #<SignupPresenter:0x2229a00>) on line #2 of users/new.html.erb:
1: <h1>Sign up as a new user</h1>
2: <% @signup_presenter.password = @signup_presenter.password_confirmation = nil %>
3: 
4: <%= error_messages_for :user %>
5: <% form_for :signup_presenter, :url => users_path do |f| -%>

    /Library/Ruby/Gems/1.8/gems/active_presenter-0.0.1/lib/active_presenter/base.rb:73:in `method_missing'
    app/views/users/new.html.erb:2:in `_run_erb_47app47views47users47new46html46erb'
    /Library/Ruby/Gems/1.8/gems/actionpack-2.1.0/lib/action_view/base.rb:338:in `send'
    /Library/Ruby/Gems/1.8/gems/actionpack-2.1.0/lib/action_view/base.rb:338:in `execute'
    /Library/Ruby/Gems/1.8/gems/actionpack-2.1.0/lib/action_view/template_handlers/compilable.rb:29:in `send'
    /Library/Ruby/Gems/1.8/gems/actionpack-2.1.0/lib/action_view/template_handlers/compilable.rb:29:in `render'
    /Library/Ruby/Gems/1.8/gems/actionpack-2.1.0/lib/action_view/template.rb:35:in `render'
    /Library/Ruby/Gems/1.8/gems/actionpack-2.1.0/lib/action_view/template.rb:22:in `render_template'
    /Library/Ruby/Gems/1.8/gems/actionpack-2.1.0/lib/action_view/base.rb:245:in `render_file'
    /Library/Ruby/Gems/1.8/gems/actionpack-2.1.0/lib/action_controller/base.rb:1108:in `render_for_file'
    /Library/Ruby/Gems/1.8/gems/actionpack-2.1.0/lib/action_controller/base.rb:841:in `render_with_no_layout'
    /Library/Ruby/Gems/1.8/gems/actionpack-2.1.0/lib/action_controller/layout.rb:259:in `render_without_benchmark'
    /Library/Ruby/Gems/1.8/gems/actionpack-2.1.0/lib/action_controller/benchmarking.rb:51:in `render'
    /Library/Ruby/Gems/1.8/gems/activesupport-2.1.0/lib/active_support/core_ext/benchmark.rb:8:in `realtime'
    /Library/Ruby/Gems/1.8/gems/actionpack-2.1.0/lib/action_controller/benchmarking.rb:51:in `render'
    /Library/Ruby/Gems/1.8/gems/actionpack-2.1.0/lib/action_controller/base.rb:1157:in `default_render'
    /Library/Ruby/Gems/1.8/gems/actionpack-2.1.0/lib/action_controller/base.rb:1163:in `perform_action_without_filters'
    /Library/Ruby/Gems/1.8/gems/actionpack-2.1.0/lib/action_controller/filters.rb:580:in `call_filters'
    /Library/Ruby/Gems/1.8/gems/actionpack-2.1.0/lib/action_controller/filters.rb:573:in `perform_action_without_benchmark'
    /Library/Ruby/Gems/1.8/gems/actionpack-2.1.0/lib/action_controller/benchmarking.rb:68:in `perform_action_without_rescue'
    /System/Library/Frameworks/Ruby.framework/Versions/1.8/usr/lib/ruby/1.8/benchmark.rb:293:in `measure'
    /Library/Ruby/Gems/1.8/gems/actionpack-2.1.0/lib/action_controller/benchmarking.rb:68:in `perform_action_without_rescue'
    /Library/Ruby/Gems/1.8/gems/actionpack-2.1.0/lib/action_controller/rescue.rb:201:in `perform_action_without_caching'
    /Library/Ruby/Gems/1.8/gems/actionpack-2.1.0/lib/action_controller/caching/sql_cache.rb:13:in `perform_action'
    /Library/Ruby/Gems/1.8/gems/activerecord-2.1.0/lib/active_record/connection_adapters/abstract/query_cache.rb:33:in `cache'
    /Library/Ruby/Gems/1.8/gems/activerecord-2.1.0/lib/active_record/query_cache.rb:8:in `cache'
    /Library/Ruby/Gems/1.8/gems/actionpack-2.1.0/lib/action_controller/caching/sql_cache.rb:12:in `perform_action'
    /Library/Ruby/Gems/1.8/gems/actionpack-2.1.0/lib/action_controller/base.rb:529:in `send'
    /Library/Ruby/Gems/1.8/gems/actionpack-2.1.0/lib/action_controller/base.rb:529:in `process_without_filters'
    /Library/Ruby/Gems/1.8/gems/actionpack-2.1.0/lib/action_controller/filters.rb:569:in `process_without_session_management_support'
    /Library/Ruby/Gems/1.8/gems/actionpack-2.1.0/lib/action_controller/session_management.rb:130:in `process'
    /Library/Ruby/Gems/1.8/gems/actionpack-2.1.0/lib/action_controller/base.rb:389:in `process'
    /Library/Ruby/Gems/1.8/gems/actionpack-2.1.0/lib/action_controller/dispatcher.rb:149:in `handle_request'
    /Library/Ruby/Gems/1.8/gems/actionpack-2.1.0/lib/action_controller/dispatcher.rb:107:in `dispatch'
    /Library/Ruby/Gems/1.8/gems/actionpack-2.1.0/lib/action_controller/dispatcher.rb:104:in `synchronize'
    /Library/Ruby/Gems/1.8/gems/actionpack-2.1.0/lib/action_controller/dispatcher.rb:104:in `dispatch'
    /Library/Ruby/Gems/1.8/gems/actionpack-2.1.0/lib/action_controller/dispatcher.rb:120:in `dispatch_cgi'
    /Library/Ruby/Gems/1.8/gems/actionpack-2.1.0/lib/action_controller/dispatcher.rb:35:in `dispatch'
    /Library/Ruby/Gems/1.8/gems/thin-0.8.1/lib/rack/adapter/rails.rb:54:in `serve_rails'
    /Library/Ruby/Gems/1.8/gems/thin-0.8.1/lib/rack/adapter/rails.rb:74:in `call'
    /Library/Ruby/Gems/1.8/gems/thin-0.8.1/lib/thin/connection.rb:59:in `pre_process'
    /Library/Ruby/Gems/1.8/gems/thin-0.8.1/lib/thin/connection.rb:50:in `process'
    /Library/Ruby/Gems/1.8/gems/thin-0.8.1/lib/thin/connection.rb:35:in `receive_data'
    /Library/Ruby/Gems/1.8/gems/eventmachine-0.12.0/lib/eventmachine.rb:224:in `run_machine'
    /Library/Ruby/Gems/1.8/gems/eventmachine-0.12.0/lib/eventmachine.rb:224:in `run'
    /Library/Ruby/Gems/1.8/gems/thin-0.8.1/lib/thin/backends/base.rb:45:in `start'
    /Library/Ruby/Gems/1.8/gems/thin-0.8.1/lib/thin/server.rb:146:in `start'
    /Library/Ruby/Gems/1.8/gems/thin-0.8.1/lib/thin/controllers/controller.rb:79:in `start'
    /Library/Ruby/Gems/1.8/gems/thin-0.8.1/lib/thin/runner.rb:166:in `send'
    /Library/Ruby/Gems/1.8/gems/thin-0.8.1/lib/thin/runner.rb:166:in `run_command'
    /Library/Ruby/Gems/1.8/gems/thin-0.8.1/lib/thin/runner.rb:136:in `run!'
    /Library/Ruby/Gems/1.8/gems/thin-0.8.1/bin/thin:6
    /usr/bin/thin:19:in `load'
    /usr/bin/thin:19

Rendering /Library/Ruby/Gems/1.8/gems/actionpack-2.1.0/lib/action_controller/templates/rescues/layout.erb (internal_server_error)


Processing UsersController#new (for 127.0.0.1 at 2008-07-28 12:10:16) [GET]
  Session ID: BAh7BiIKZmxhc2hJQzonQWN0aW9uQ29udHJvbGxlcjo6Rmxhc2g6OkZsYXNo
SGFzaHsABjoKQHVzZWR7AA==--264f1f118d653da9fc070291cc13ad1357f3d11e
  Parameters: {"action"=>"new", "controller"=>"users"}
Rendering users/new


ActionView::TemplateError (undefined method `password_before_type_cast' for #<User:0x2426f9c>) on line #13 of users/new.html.erb:
10: <%= f.text_field :user_email %></p>
11: 
12: <p><label for="password">Password</label><br/>
13: <%= f.password_field :user_password %></p>
14: 
15: <p><label for="password_confirmation">Confirm Password</label><br/>
16: <%= f.password_field :user_password_confirmation %></p>

    /Library/Ruby/Gems/1.8/gems/activerecord-2.1.0/lib/active_record/attribute_methods.rb:251:in `method_missing'
    /Library/Ruby/Gems/1.8/gems/active_presenter-0.0.1/lib/active_presenter/base.rb:138:in `send'
    /Library/Ruby/Gems/1.8/gems/active_presenter-0.0.1/lib/active_presenter/base.rb:138:in `delegate_message'
    /Library/Ruby/Gems/1.8/gems/active_presenter-0.0.1/lib/active_presenter/base.rb:73:in `method_missing'
    /Library/Ruby/Gems/1.8/gems/actionpack-2.1.0/lib/action_view/helpers/form_helper.rb:623:in `send'
    /Library/Ruby/Gems/1.8/gems/actionpack-2.1.0/lib/action_view/helpers/form_helper.rb:623:in `value_before_type_cast'
    /Library/Ruby/Gems/1.8/gems/actionpack-2.1.0/lib/action_view/helpers/form_helper.rb:612:in `value_before_type_cast'
    /Library/Ruby/Gems/1.8/gems/actionpack-2.1.0/lib/action_view/helpers/form_helper.rb:535:in `to_input_field_tag'
    /Library/Ruby/Gems/1.8/gems/actionpack-2.1.0/lib/action_view/helpers/form_helper.rb:380:in `password_field'
    /Library/Ruby/Gems/1.8/gems/actionpack-2.1.0/lib/action_view/helpers/form_helper.rb:709:in `send'
    /Library/Ruby/Gems/1.8/gems/actionpack-2.1.0/lib/action_view/helpers/form_helper.rb:709:in `password_field'
    app/views/users/new.html.erb:13:in `_run_erb_47app47views47users47new46html46erb'
    /Library/Ruby/Gems/1.8/gems/actionpack-2.1.0/lib/action_view/helpers/form_helper.rb:317:in `fields_for'
    /Library/Ruby/Gems/1.8/gems/actionpack-2.1.0/lib/action_view/helpers/form_helper.rb:253:in `form_for'
    app/views/users/new.html.erb:5:in `_run_erb_47app47views47users47new46html46erb'
    /Library/Ruby/Gems/1.8/gems/actionpack-2.1.0/lib/action_view/base.rb:338:in `send'
    /Library/Ruby/Gems/1.8/gems/actionpack-2.1.0/lib/action_view/base.rb:338:in `execute'
    /Library/Ruby/Gems/1.8/gems/actionpack-2.1.0/lib/action_view/template_handlers/compilable.rb:29:in `send'
    /Library/Ruby/Gems/1.8/gems/actionpack-2.1.0/lib/action_view/template_handlers/compilable.rb:29:in `render'
    /Library/Ruby/Gems/1.8/gems/actionpack-2.1.0/lib/action_view/template.rb:35:in `render'
    /Library/Ruby/Gems/1.8/gems/actionpack-2.1.0/lib/action_view/template.rb:22:in `render_template'
    /Library/Ruby/Gems/1.8/gems/actionpack-2.1.0/lib/action_view/base.rb:245:in `render_file'
    /Library/Ruby/Gems/1.8/gems/actionpack-2.1.0/lib/action_controller/base.rb:1108:in `render_for_file'
    /Library/Ruby/Gems/1.8/gems/actionpack-2.1.0/lib/action_controller/base.rb:841:in `render_with_no_layout'
    /Library/Ruby/Gems/1.8/gems/actionpack-2.1.0/lib/action_controller/layout.rb:259:in `render_without_benchmark'
    /Library/Ruby/Gems/1.8/gems/actionpack-2.1.0/lib/action_controller/benchmarking.rb:51:in `render'
    /Library/Ruby/Gems/1.8/gems/activesupport-2.1.0/lib/active_support/core_ext/benchmark.rb:8:in `realtime'
    /Library/Ruby/Gems/1.8/gems/actionpack-2.1.0/lib/action_controller/benchmarking.rb:51:in `render'
    /Library/Ruby/Gems/1.8/gems/actionpack-2.1.0/lib/action_controller/base.rb:1157:in `default_render'
    /Library/Ruby/Gems/1.8/gems/actionpack-2.1.0/lib/action_controller/base.rb:1163:in `perform_action_without_filters'
    /Library/Ruby/Gems/1.8/gems/actionpack-2.1.0/lib/action_controller/filters.rb:580:in `call_filters'
    /Library/Ruby/Gems/1.8/gems/actionpack-2.1.0/lib/action_controller/filters.rb:573:in `perform_action_without_benchmark'
    /Library/Ruby/Gems/1.8/gems/actionpack-2.1.0/lib/action_controller/benchmarking.rb:68:in `perform_action_without_rescue'
    /System/Library/Frameworks/Ruby.framework/Versions/1.8/usr/lib/ruby/1.8/benchmark.rb:293:in `measure'
    /Library/Ruby/Gems/1.8/gems/actionpack-2.1.0/lib/action_controller/benchmarking.rb:68:in `perform_action_without_rescue'
    /Library/Ruby/Gems/1.8/gems/actionpack-2.1.0/lib/action_controller/rescue.rb:201:in `perform_action_without_caching'
    /Library/Ruby/Gems/1.8/gems/actionpack-2.1.0/lib/action_controller/caching/sql_cache.rb:13:in `perform_action'
    /Library/Ruby/Gems/1.8/gems/activerecord-2.1.0/lib/active_record/connection_adapters/abstract/query_cache.rb:33:in `cache'
    /Library/Ruby/Gems/1.8/gems/activerecord-2.1.0/lib/active_record/query_cache.rb:8:in `cache'
    /Library/Ruby/Gems/1.8/gems/actionpack-2.1.0/lib/action_controller/caching/sql_cache.rb:12:in `perform_action'
    /Library/Ruby/Gems/1.8/gems/actionpack-2.1.0/lib/action_controller/base.rb:529:in `send'
    /Library/Ruby/Gems/1.8/gems/actionpack-2.1.0/lib/action_controller/base.rb:529:in `process_without_filters'
    /Library/Ruby/Gems/1.8/gems/actionpack-2.1.0/lib/action_controller/filters.rb:569:in `process_without_session_management_support'
    /Library/Ruby/Gems/1.8/gems/actionpack-2.1.0/lib/action_controller/session_management.rb:130:in `process'
    /Library/Ruby/Gems/1.8/gems/actionpack-2.1.0/lib/action_controller/base.rb:389:in `process'
    /Library/Ruby/Gems/1.8/gems/actionpack-2.1.0/lib/action_controller/dispatcher.rb:149:in `handle_request'
    /Library/Ruby/Gems/1.8/gems/actionpack-2.1.0/lib/action_controller/dispatcher.rb:107:in `dispatch'
    /Library/Ruby/Gems/1.8/gems/actionpack-2.1.0/lib/action_controller/dispatcher.rb:104:in `synchronize'
    /Library/Ruby/Gems/1.8/gems/actionpack-2.1.0/lib/action_controller/dispatcher.rb:104:in `dispatch'
    /Library/Ruby/Gems/1.8/gems/actionpack-2.1.0/lib/action_controller/dispatcher.rb:120:in `dispatch_cgi'
    /Library/Ruby/Gems/1.8/gems/actionpack-2.1.0/lib/action_controller/dispatcher.rb:35:in `dispatch'
    /Library/Ruby/Gems/1.8/gems/thin-0.8.1/lib/rack/adapter/rails.rb:54:in `serve_rails'
    /Library/Ruby/Gems/1.8/gems/thin-0.8.1/lib/rack/adapter/rails.rb:74:in `call'
    /Library/Ruby/Gems/1.8/gems/thin-0.8.1/lib/thin/connection.rb:59:in `pre_process'
    /Library/Ruby/Gems/1.8/gems/thin-0.8.1/lib/thin/connection.rb:50:in `process'
    /Library/Ruby/Gems/1.8/gems/thin-0.8.1/lib/thin/connection.rb:35:in `receive_data'
    /Library/Ruby/Gems/1.8/gems/eventmachine-0.12.0/lib/eventmachine.rb:224:in `run_machine'
    /Library/Ruby/Gems/1.8/gems/eventmachine-0.12.0/lib/eventmachine.rb:224:in `run'
    /Library/Ruby/Gems/1.8/gems/thin-0.8.1/lib/thin/backends/base.rb:45:in `start'
    /Library/Ruby/Gems/1.8/gems/thin-0.8.1/lib/thin/server.rb:146:in `start'
    /Library/Ruby/Gems/1.8/gems/thin-0.8.1/lib/thin/controllers/controller.rb:79:in `start'
    /Library/Ruby/Gems/1.8/gems/thin-0.8.1/lib/thin/runner.rb:166:in `send'
    /Library/Ruby/Gems/1.8/gems/thin-0.8.1/lib/thin/runner.rb:166:in `run_command'
    /Library/Ruby/Gems/1.8/gems/thin-0.8.1/lib/thin/runner.rb:136:in `run!'
    /Library/Ruby/Gems/1.8/gems/thin-0.8.1/bin/thin:6
    /usr/bin/thin:19:in `load'
    /usr/bin/thin:19

Rendering /Library/Ruby/Gems/1.8/gems/actionpack-2.1.0/lib/action_controller/templates/rescues/layout.erb (internal_server_error)
